
/home/runner/work/exp-discretization-impulse-iitkgp/exp-discretization-impulse-iitkgp/experiment/simulation/js/DS.js
    4:10   warning  'inputChange' is defined but never used             no-unused-vars
   15:10   warning  'refresh' is defined but never used                 no-unused-vars
   29:5    warning  'dataOPPoints' is assigned a value but never used   no-unused-vars
   30:5    warning  'dataOPPoints1' is assigned a value but never used  no-unused-vars
   33:10   warning  'system' is defined but never used                  no-unused-vars
   44:1    warning  Mixed spaces and tabs                               no-mixed-spaces-and-tabs
   52:1    warning  Mixed spaces and tabs                               no-mixed-spaces-and-tabs
   52:14   warning  'T' is assigned a value but never used              no-unused-vars
   55:1    warning  Mixed spaces and tabs                               no-mixed-spaces-and-tabs
   56:1    warning  Mixed spaces and tabs                               no-mixed-spaces-and-tabs
   57:1    warning  Mixed spaces and tabs                               no-mixed-spaces-and-tabs
   58:1    warning  Mixed spaces and tabs                               no-mixed-spaces-and-tabs
   59:1    warning  Mixed spaces and tabs                               no-mixed-spaces-and-tabs
   61:4    warning  'outputText1' is assigned a value but never used    no-unused-vars
   62:1    warning  Mixed spaces and tabs                               no-mixed-spaces-and-tabs
   62:10   warning  'outputText2' is assigned a value but never used    no-unused-vars
   65:2    warning  Mixed spaces and tabs                               no-mixed-spaces-and-tabs
   66:13   warning  'math' is not defined                               no-undef
   66:23   warning  'math' is not defined                               no-undef
   66:37   warning  'math' is not defined                               no-undef
   66:52   warning  'math' is not defined                               no-undef
   67:13   warning  'math' is not defined                               no-undef
   68:13   warning  'math' is not defined                               no-undef
   69:12   warning  'math' is not defined                               no-undef
   70:7    warning  'math' is not defined                               no-undef
   71:7    warning  'math' is not defined                               no-undef
   74:21   warning  'math' is not defined                               no-undef
   75:21   warning  'math' is not defined                               no-undef
   83:11   warning  'math' is not defined                               no-undef
   83:28   warning  'math' is not defined                               no-undef
   83:45   warning  'math' is not defined                               no-undef
   84:11   warning  'math' is not defined                               no-undef
   84:28   warning  'math' is not defined                               no-undef
   84:45   warning  'math' is not defined                               no-undef
   86:11   warning  'math' is not defined                               no-undef
   86:23   warning  'math' is not defined                               no-undef
   86:32   warning  'math' is not defined                               no-undef
   86:58   warning  'math' is not defined                               no-undef
   87:11   warning  'math' is not defined                               no-undef
   87:23   warning  'math' is not defined                               no-undef
   87:32   warning  'math' is not defined                               no-undef
   87:58   warning  'math' is not defined                               no-undef
   95:1    warning  Mixed spaces and tabs                               no-mixed-spaces-and-tabs
   96:1    warning  Mixed spaces and tabs                               no-mixed-spaces-and-tabs
   99:1    warning  Mixed spaces and tabs                               no-mixed-spaces-and-tabs
  100:1    warning  Mixed spaces and tabs                               no-mixed-spaces-and-tabs
  103:1    warning  Mixed spaces and tabs                               no-mixed-spaces-and-tabs
  104:1    warning  Mixed spaces and tabs                               no-mixed-spaces-and-tabs
  106:1    warning  Mixed spaces and tabs                               no-mixed-spaces-and-tabs
  107:1    warning  Mixed spaces and tabs                               no-mixed-spaces-and-tabs
  108:1    warning  Mixed spaces and tabs                               no-mixed-spaces-and-tabs
  111:1    warning  Mixed spaces and tabs                               no-mixed-spaces-and-tabs
  112:1    warning  Mixed spaces and tabs                               no-mixed-spaces-and-tabs
  115:1    warning  Mixed spaces and tabs                               no-mixed-spaces-and-tabs
  116:1    warning  Mixed spaces and tabs                               no-mixed-spaces-and-tabs
  117:1    warning  Mixed spaces and tabs                               no-mixed-spaces-and-tabs
  119:1    warning  Mixed spaces and tabs                               no-mixed-spaces-and-tabs
  123:4    warning  'outputText2_1' is assigned a value but never used  no-unused-vars
  124:4    warning  'outputText3' is assigned a value but never used    no-unused-vars
  132:10   warning  'IIM' is defined but never used                     no-unused-vars
  137:1    warning  Mixed spaces and tabs                               no-mixed-spaces-and-tabs
  138:1    warning  Mixed spaces and tabs                               no-mixed-spaces-and-tabs
  139:1    warning  Mixed spaces and tabs                               no-mixed-spaces-and-tabs
  145:1    warning  Mixed spaces and tabs                               no-mixed-spaces-and-tabs
  147:11   warning  Mixed spaces and tabs                               no-mixed-spaces-and-tabs
  148:1    warning  Mixed spaces and tabs                               no-mixed-spaces-and-tabs
  148:19   warning  'math' is not defined                               no-undef
  148:29   warning  'math' is not defined                               no-undef
  148:43   warning  'math' is not defined                               no-undef
  148:58   warning  'math' is not defined                               no-undef
  149:13   warning  'math' is not defined                               no-undef
  150:13   warning  'math' is not defined                               no-undef
  151:12   warning  'math' is not defined                               no-undef
  152:4    warning  'R1' is not defined                                 no-undef
  152:7    warning  'math' is not defined                               no-undef
  153:4    warning  'R2' is not defined                                 no-undef
  153:7    warning  'math' is not defined                               no-undef
  155:11   warning  'math' is not defined                               no-undef
  155:28   warning  'math' is not defined                               no-undef
  155:45   warning  'math' is not defined                               no-undef
  156:11   warning  'math' is not defined                               no-undef
  156:28   warning  'math' is not defined                               no-undef
  156:45   warning  'math' is not defined                               no-undef
  157:11   warning  'math' is not defined                               no-undef
  157:23   warning  'math' is not defined                               no-undef
  157:32   warning  'math' is not defined                               no-undef
  157:49   warning  'R1' is not defined                                 no-undef
  157:58   warning  'math' is not defined                               no-undef
  157:72   warning  'R1' is not defined                                 no-undef
  157:75   warning  'R2' is not defined                                 no-undef
  158:11   warning  'math' is not defined                               no-undef
  158:23   warning  'math' is not defined                               no-undef
  158:32   warning  'math' is not defined                               no-undef
  158:49   warning  'R2' is not defined                                 no-undef
  158:58   warning  'math' is not defined                               no-undef
  158:72   warning  'R2' is not defined                                 no-undef
  158:75   warning  'R1' is not defined                                 no-undef
  160:10   warning  'math' is not defined                               no-undef
  160:22   warning  'math' is not defined                               no-undef
  160:33   warning  'math' is not defined                               no-undef
  160:47   warning  'math' is not defined                               no-undef
  161:10   warning  'math' is not defined                               no-undef
  161:22   warning  'math' is not defined                               no-undef
  161:33   warning  'math' is not defined                               no-undef
  161:47   warning  'math' is not defined                               no-undef
  162:11   warning  'math' is not defined                               no-undef
  162:23   warning  'math' is not defined                               no-undef
  162:34   warning  'math' is not defined                               no-undef
  162:48   warning  'math' is not defined                               no-undef
  162:57   warning  'math' is not defined                               no-undef
  162:73   warning  'R1' is not defined                                 no-undef
  163:11   warning  'math' is not defined                               no-undef
  163:23   warning  'math' is not defined                               no-undef
  163:34   warning  'math' is not defined                               no-undef
  163:48   warning  'math' is not defined                               no-undef
  163:57   warning  'math' is not defined                               no-undef
  163:73   warning  'R2' is not defined                                 no-undef
  164:9    warning  'math' is not defined                               no-undef
  164:21   warning  'math' is not defined                               no-undef
  164:32   warning  'math' is not defined                               no-undef
  164:46   warning  'math' is not defined                               no-undef
  165:9    warning  'math' is not defined                               no-undef
  165:21   warning  'math' is not defined                               no-undef
  165:32   warning  'math' is not defined                               no-undef
  165:46   warning  'math' is not defined                               no-undef
  166:9    warning  'math' is not defined                               no-undef
  166:21   warning  'math' is not defined                               no-undef
  166:32   warning  'math' is not defined                               no-undef
  166:46   warning  'math' is not defined                               no-undef
  166:55   warning  'math' is not defined                               no-undef
  167:9    warning  'math' is not defined                               no-undef
  167:21   warning  'math' is not defined                               no-undef
  167:32   warning  'math' is not defined                               no-undef
  167:46   warning  'math' is not defined                               no-undef
  167:56   warning  'math' is not defined                               no-undef
  167:79   warning  'math' is not defined                               no-undef
  167:101  warning  'math' is not defined                               no-undef
  167:126  warning  'math' is not defined                               no-undef
  168:9    warning  'math' is not defined                               no-undef
  168:21   warning  'math' is not defined                               no-undef
  168:32   warning  'math' is not defined                               no-undef
  168:46   warning  'math' is not defined                               no-undef
  168:60   warning  'math' is not defined                               no-undef
  170:1    warning  Mixed spaces and tabs                               no-mixed-spaces-and-tabs
  172:1    warning  Mixed spaces and tabs                               no-mixed-spaces-and-tabs
  173:1    warning  Mixed spaces and tabs                               no-mixed-spaces-and-tabs
  175:1    warning  Mixed spaces and tabs                               no-mixed-spaces-and-tabs
  184:1    warning  Mixed spaces and tabs                               no-mixed-spaces-and-tabs
  187:1    warning  Mixed spaces and tabs                               no-mixed-spaces-and-tabs
  190:1    warning  Mixed spaces and tabs                               no-mixed-spaces-and-tabs
  192:1    warning  Mixed spaces and tabs                               no-mixed-spaces-and-tabs
  203:10   warning  'BTM' is defined but never used                     no-unused-vars
  207:1    warning  Mixed spaces and tabs                               no-mixed-spaces-and-tabs
  209:1    warning  Mixed spaces and tabs                               no-mixed-spaces-and-tabs
  215:1    warning  Mixed spaces and tabs                               no-mixed-spaces-and-tabs
  217:1    warning  Mixed spaces and tabs                               no-mixed-spaces-and-tabs
  217:16   warning  'math' is not defined                               no-undef
  218:13   warning  'math' is not defined                               no-undef
  218:30   warning  'math' is not defined                               no-undef
  219:12   warning  'math' is not defined                               no-undef
  220:13   warning  'math' is not defined                               no-undef
  220:30   warning  'math' is not defined                               no-undef
  221:12   warning  'math' is not defined                               no-undef
  223:11   warning  'math' is not defined                               no-undef
  223:23   warning  'math' is not defined                               no-undef
  223:34   warning  'math' is not defined                               no-undef
  223:48   warning  'math' is not defined                               no-undef
  223:60   warning  'math' is not defined                               no-undef
  223:82   warning  'math' is not defined                               no-undef
  224:11   warning  'math' is not defined                               no-undef
  224:23   warning  'math' is not defined                               no-undef
  224:34   warning  'math' is not defined                               no-undef
  224:48   warning  'math' is not defined                               no-undef
  224:60   warning  'math' is not defined                               no-undef
  224:87   warning  'math' is not defined                               no-undef
  225:11   warning  'math' is not defined                               no-undef
  225:23   warning  'math' is not defined                               no-undef
  225:34   warning  'math' is not defined                               no-undef
  225:48   warning  'math' is not defined                               no-undef
  225:60   warning  'math' is not defined                               no-undef
  225:83   warning  'math' is not defined                               no-undef
  227:11   warning  'math' is not defined                               no-undef
  227:23   warning  'math' is not defined                               no-undef
  227:34   warning  'math' is not defined                               no-undef
  227:48   warning  'math' is not defined                               no-undef
  227:60   warning  'math' is not defined                               no-undef
  227:87   warning  'math' is not defined                               no-undef
  228:11   warning  'math' is not defined                               no-undef
  228:23   warning  'math' is not defined                               no-undef
  228:34   warning  'math' is not defined                               no-undef
  228:48   warning  'math' is not defined                               no-undef
  228:60   warning  'math' is not defined                               no-undef
  228:83   warning  'math' is not defined                               no-undef
  231:1    warning  Mixed spaces and tabs                               no-mixed-spaces-and-tabs
  232:1    warning  Mixed spaces and tabs                               no-mixed-spaces-and-tabs
  233:3    warning  Mixed spaces and tabs                               no-mixed-spaces-and-tabs
  236:1    warning  Mixed spaces and tabs                               no-mixed-spaces-and-tabs
  239:1    warning  Mixed spaces and tabs                               no-mixed-spaces-and-tabs

✖ 198 problems (0 errors, 198 warnings)

